16:22:42.673 [main] INFO  - ..product is removed from the wishlist... 
16:22:42.717 [main] INFO  - ..wishlist is empty... 
16:24:19.079 [main] INFO  - search for product 
16:24:19.111 [main] INFO  - product exist 
16:24:19.439 [main] INFO  - select the product 
16:24:19.525 [main] INFO  - added to cart 
16:24:19.761 [main] INFO  - confirm msg 
16:24:21.929 [main] INFO  - ..user click on contact us... 
16:24:22.198 [main] INFO  - ..user fill the details in contact us form... 
16:24:22.638 [main] INFO  - ..user click the submit button... 
16:24:23.075 [main] INFO  - ..user check the continue button is displayed or not... 
16:24:25.485 [main] INFO  - Goto my account-->Click on Login.. 
16:24:26.219 [main] INFO  - Entering email and password.. 
16:24:27.494 [main] INFO  - clicked on login button...
16:24:29.496 [main] INFO  - Goto my account-->Click on Login.. 
16:24:30.748 [main] INFO  - ..go to my account......>click logout... 
16:24:31.301 [main] INFO  - ...user redirected to logout page.. 
16:24:31.345 [main] INFO  - ..user should see the confirmation message... 
16:24:31.379 [main] INFO  - ..user click on the continue button... 
16:24:33.924 [main] INFO  - Goto my account-->Click on Login.. 
16:24:35.439 [main] INFO  - ...search product.. 
16:24:35.440 [main] INFO  - enter product in searchbar 
16:24:36.206 [main] INFO  - ..add product to cart and click view cart... 
16:24:38.762 [main] INFO  - ..user proceed to checkout... 
16:24:39.100 [main] INFO  - ..enter billing details... 
16:24:44.492 [main] INFO  - Goto my account-->Click on register.. 
16:24:45.312 [main] INFO  - .....enter the details for registration   
16:24:45.941 [main] INFO  - .....user select the privacy policy.. 
16:24:46.069 [main] INFO  - -->Click on continue.. 
16:24:46.905 [main] INFO  - ....user get success message.. 
16:24:48.953 [main] INFO  - open home page 
16:24:48.955 [main] INFO  - enter product in searchbar 
16:24:49.435 [main] INFO  - validate the list of display products 
16:24:51.612 [main] INFO  - ....Search for product.. 
16:24:51.914 [main] INFO  - ...navigate to cart page.. 
16:24:53.982 [main] INFO  - -->Click on View cart.. 
16:24:54.361 [main] INFO  - ...the prices in the cart should be displayed.. 
16:24:54.411 [main] INFO  - ..increase the quantity... 
16:24:55.087 [main] INFO  - ..decrease the quantity... 
16:24:59.214 [main] INFO  - Goto my account-->Click on Login.. 
16:25:00.960 [main] INFO  - ...click on my account ....>go to order history... 
16:25:01.494 [main] INFO  - ...user list of past orders... 
16:25:01.731 [main] INFO  - ...user open the specific order.. 
16:25:02.419 [main] INFO  - ..user should see details of the order... 
16:25:04.693 [main] INFO  - Goto my account-->Click on Login.. 
16:25:05.070 [main] INFO  - ..enter login details... 
16:25:06.332 [main] INFO  - ...redirected to home page.. 
16:25:06.487 [main] INFO  - ...Search product.. 
16:25:07.093 [main] INFO  - ...navigate to wishlist page.. 
16:25:07.376 [main] INFO  - ..user add more products... 
16:25:08.595 [main] INFO  - ..comparision of products... 
16:25:09.296 [main] INFO  - ..navigate to wishlist page... 
16:25:09.937 [main] INFO  - ..product is removed from the wishlist... 
16:25:09.974 [main] INFO  - ..wishlist is empty... 
16:28:35.393 [main] INFO  - search for product 
16:28:35.425 [main] INFO  - product exist 
16:28:36.003 [main] INFO  - select the product 
16:28:36.117 [main] INFO  - added to cart 
16:28:36.296 [main] INFO  - confirm msg 
16:28:39.917 [main] INFO  - ..user click on contact us... 
16:28:40.245 [main] INFO  - ..user fill the details in contact us form... 
16:28:40.908 [main] INFO  - ..user click the submit button... 
16:28:41.312 [main] INFO  - ..user check the continue button is displayed or not... 
16:28:43.716 [main] INFO  - Goto my account-->Click on Login.. 
16:28:44.365 [main] INFO  - Entering email and password.. 
16:28:45.285 [main] INFO  - clicked on login button...
16:28:47.291 [main] INFO  - Goto my account-->Click on Login.. 
16:28:48.752 [main] INFO  - ..go to my account......>click logout... 
16:28:49.360 [main] INFO  - ...user redirected to logout page.. 
16:28:49.407 [main] INFO  - ..user should see the confirmation message... 
16:28:49.444 [main] INFO  - ..user click on the continue button... 
16:28:51.882 [main] INFO  - Goto my account-->Click on Login.. 
16:28:53.605 [main] INFO  - ...search product.. 
16:28:53.605 [main] INFO  - enter product in searchbar 
16:28:54.171 [main] INFO  - ..add product to cart and click view cart... 
16:28:56.705 [main] INFO  - ..user proceed to checkout... 
16:28:57.053 [main] INFO  - ..enter billing details... 
16:29:02.631 [main] INFO  - ...user selects terms and conditions .. 
16:29:06.475 [main] INFO  - Goto my account-->Click on register.. 
16:29:07.244 [main] INFO  - .....enter the details for registration   
16:29:08.026 [main] INFO  - .....user select the privacy policy.. 
16:29:08.160 [main] INFO  - -->Click on continue.. 
16:29:08.906 [main] INFO  - ....user get success message.. 
16:29:10.900 [main] INFO  - open home page 
16:29:10.902 [main] INFO  - enter product in searchbar 
16:29:11.319 [main] INFO  - validate the list of display products 
16:29:13.447 [main] INFO  - ....Search for product.. 
16:29:13.749 [main] INFO  - ...navigate to cart page.. 
16:29:15.844 [main] INFO  - -->Click on View cart.. 
16:29:16.231 [main] INFO  - ...the prices in the cart should be displayed.. 
16:29:16.270 [main] INFO  - ..increase the quantity... 
16:29:16.899 [main] INFO  - ..decrease the quantity... 
16:29:20.720 [main] INFO  - Goto my account-->Click on Login.. 
16:29:22.639 [main] INFO  - ...click on my account ....>go to order history... 
16:29:23.114 [main] INFO  - ...user list of past orders... 
16:29:23.361 [main] INFO  - ...user open the specific order.. 
16:29:23.719 [main] INFO  - ..user should see details of the order... 
16:29:25.983 [main] INFO  - Goto my account-->Click on Login.. 
16:29:26.295 [main] INFO  - ..enter login details... 
16:29:27.332 [main] INFO  - ...redirected to home page.. 
16:29:27.517 [main] INFO  - ...Search product.. 
16:29:28.163 [main] INFO  - ...navigate to wishlist page.. 
16:29:28.457 [main] INFO  - ..user add more products... 
16:29:29.658 [main] INFO  - ..comparision of products... 
16:31:14.378 [main] INFO  - search for product 
16:31:14.414 [main] INFO  - product exist 
16:31:14.771 [main] INFO  - select the product 
16:31:14.862 [main] INFO  - added to cart 
16:31:15.092 [main] INFO  - confirm msg 
16:31:17.358 [main] INFO  - ..user click on contact us... 
16:31:17.697 [main] INFO  - ..user fill the details in contact us form... 
16:31:18.328 [main] INFO  - ..user click the submit button... 
16:31:18.940 [main] INFO  - ..user check the continue button is displayed or not... 
16:31:21.653 [main] INFO  - Goto my account-->Click on Login.. 
16:31:22.507 [main] INFO  - Entering email and password.. 
16:31:23.897 [main] INFO  - clicked on login button...
16:31:26.171 [main] INFO  - Goto my account-->Click on Login.. 
16:31:28.253 [main] INFO  - ..go to my account......>click logout... 
16:31:29.487 [main] INFO  - ...user redirected to logout page.. 
16:31:29.535 [main] INFO  - ..user should see the confirmation message... 
16:31:29.571 [main] INFO  - ..user click on the continue button... 
16:31:32.177 [main] INFO  - Goto my account-->Click on Login.. 
16:31:33.570 [main] INFO  - ...search product.. 
16:31:33.571 [main] INFO  - enter product in searchbar 
16:31:34.259 [main] INFO  - ..add product to cart and click view cart... 
16:31:36.968 [main] INFO  - ..user proceed to checkout... 
16:31:37.322 [main] INFO  - ..enter billing details... 
16:31:43.221 [main] INFO  - ...user selects terms and conditions .. 
16:31:45.868 [main] INFO  - ...user confirms the order.. 
16:31:50.031 [main] INFO  - Goto my account-->Click on register.. 
16:31:50.548 [main] INFO  - .....enter the details for registration   
16:31:51.364 [main] INFO  - .....user select the privacy policy.. 
16:31:51.490 [main] INFO  - -->Click on continue.. 
16:31:52.470 [main] INFO  - ....user get success message.. 
16:31:54.659 [main] INFO  - open home page 
16:31:54.662 [main] INFO  - enter product in searchbar 
16:31:55.139 [main] INFO  - validate the list of display products 
16:31:57.327 [main] INFO  - ....Search for product.. 
16:31:57.598 [main] INFO  - ...navigate to cart page.. 
16:31:59.689 [main] INFO  - -->Click on View cart.. 
16:32:00.047 [main] INFO  - ...the prices in the cart should be displayed.. 
16:32:00.082 [main] INFO  - ..increase the quantity... 
16:32:00.828 [main] INFO  - ..decrease the quantity... 
16:32:04.989 [main] INFO  - Goto my account-->Click on Login.. 
16:32:06.762 [main] INFO  - ...click on my account ....>go to order history... 
16:32:07.267 [main] INFO  - ...user list of past orders... 
16:32:07.503 [main] INFO  - ...user open the specific order.. 
16:32:07.832 [main] INFO  - ..user should see details of the order... 
16:32:10.417 [main] INFO  - Goto my account-->Click on Login.. 
16:32:10.947 [main] INFO  - ..enter login details... 
16:32:12.092 [main] INFO  - ...redirected to home page.. 
16:32:12.283 [main] INFO  - ...Search product.. 
16:32:13.025 [main] INFO  - ...navigate to wishlist page.. 
16:32:13.324 [main] INFO  - ..user add more products... 
16:32:15.131 [main] INFO  - ..comparision of products... 
16:34:06.341 [main] INFO  - search for product 
16:34:06.370 [main] INFO  - product exist 
16:34:06.829 [main] INFO  - select the product 
16:34:06.965 [main] INFO  - added to cart 
16:34:07.201 [main] INFO  - confirm msg 
16:34:09.342 [main] INFO  - ..user click on contact us... 
16:34:09.623 [main] INFO  - ..user fill the details in contact us form... 
16:34:10.111 [main] INFO  - ..user click the submit button... 
16:34:10.533 [main] INFO  - ..user check the continue button is displayed or not... 
16:34:13.140 [main] INFO  - Goto my account-->Click on Login.. 
16:34:13.894 [main] INFO  - Entering email and password.. 
16:34:14.843 [main] INFO  - clicked on login button...
16:34:16.869 [main] INFO  - Goto my account-->Click on Login.. 
16:34:18.606 [main] INFO  - ..go to my account......>click logout... 
16:34:19.227 [main] INFO  - ...user redirected to logout page.. 
16:34:19.274 [main] INFO  - ..user should see the confirmation message... 
16:34:19.307 [main] INFO  - ..user click on the continue button... 
16:34:21.838 [main] INFO  - Goto my account-->Click on Login.. 
16:34:23.117 [main] INFO  - ...search product.. 
16:34:23.118 [main] INFO  - enter product in searchbar 
16:34:23.693 [main] INFO  - ..add product to cart and click view cart... 
16:34:26.262 [main] INFO  - ..user proceed to checkout... 
16:34:26.595 [main] INFO  - ..enter billing details... 
16:34:32.276 [main] INFO  - ...user selects terms and conditions .. 
16:34:34.895 [main] INFO  - ...user confirms the order.. 
16:34:39.233 [main] INFO  - Goto my account-->Click on register.. 
16:34:40.136 [main] INFO  - .....enter the details for registration   
16:34:40.698 [main] INFO  - .....user select the privacy policy.. 
16:34:40.817 [main] INFO  - -->Click on continue.. 
16:34:41.756 [main] INFO  - ....user get success message.. 
16:34:44.009 [main] INFO  - open home page 
16:34:44.011 [main] INFO  - enter product in searchbar 
16:34:44.649 [main] INFO  - validate the list of display products 
16:34:46.731 [main] INFO  - ....Search for product.. 
16:34:47.035 [main] INFO  - ...navigate to cart page.. 
16:34:49.126 [main] INFO  - -->Click on View cart.. 
16:34:49.476 [main] INFO  - ...the prices in the cart should be displayed.. 
16:34:49.520 [main] INFO  - ..increase the quantity... 
16:34:50.153 [main] INFO  - ..decrease the quantity... 
16:34:54.378 [main] INFO  - Goto my account-->Click on Login.. 
16:34:56.232 [main] INFO  - ...click on my account ....>go to order history... 
16:34:56.743 [main] INFO  - ...user list of past orders... 
16:34:56.970 [main] INFO  - ...user open the specific order.. 
16:34:57.332 [main] INFO  - ..user should see details of the order... 
16:34:59.707 [main] INFO  - Goto my account-->Click on Login.. 
16:35:00.397 [main] INFO  - ..enter login details... 
16:35:01.371 [main] INFO  - ...redirected to home page.. 
16:35:02.035 [main] INFO  - ...Search product.. 
16:35:02.883 [main] INFO  - ...navigate to wishlist page.. 
16:35:03.798 [main] INFO  - ..user add more products... 
16:35:05.727 [main] INFO  - ..comparision of products... 
16:35:08.416 [main] INFO  - ..navigate to wishlist page... 
16:35:09.080 [main] INFO  - ..product is removed from the wishlist... 
16:35:09.125 [main] INFO  - ..wishlist is empty... 
